0 info it worked if it ends with ok
1 verbose cli [ 'node', '/usr/local/bin/npm', 'install', 'jasmine-reporters' ]
2 info using npm@1.4.23
3 info using node@v0.10.31
4 warn package.json test-driven-test@1.0.0 No repository field.
5 verbose readDependencies using package.json deps
6 verbose cache add [ 'jasmine-reporters', null ]
7 verbose cache add name=undefined spec="jasmine-reporters" args=["jasmine-reporters",null]
8 verbose parsed url { protocol: null,
8 verbose parsed url   slashes: null,
8 verbose parsed url   auth: null,
8 verbose parsed url   host: null,
8 verbose parsed url   port: null,
8 verbose parsed url   hostname: null,
8 verbose parsed url   hash: null,
8 verbose parsed url   search: null,
8 verbose parsed url   query: null,
8 verbose parsed url   pathname: 'jasmine-reporters',
8 verbose parsed url   path: 'jasmine-reporters',
8 verbose parsed url   href: 'jasmine-reporters' }
9 silly lockFile 21bbf4e8-jasmine-reporters jasmine-reporters
10 verbose lock jasmine-reporters /Users/f558910/.npm/21bbf4e8-jasmine-reporters.lock
11 silly lockFile 21bbf4e8-jasmine-reporters jasmine-reporters
12 silly lockFile 21bbf4e8-jasmine-reporters jasmine-reporters
13 verbose addNamed [ 'jasmine-reporters', '' ]
14 verbose addNamed [ null, '*' ]
15 silly lockFile f614a64d-jasmine-reporters jasmine-reporters@
16 verbose lock jasmine-reporters@ /Users/f558910/.npm/f614a64d-jasmine-reporters.lock
17 silly addNameRange { name: 'jasmine-reporters', range: '*', hasData: false }
18 verbose request where is /jasmine-reporters
19 verbose request registry https://registry.npmjs.org/
20 verbose request id 542be79a47534b96
21 verbose url raw /jasmine-reporters
22 verbose url resolving [ 'https://registry.npmjs.org/', './jasmine-reporters' ]
23 verbose url resolved https://registry.npmjs.org/jasmine-reporters
24 verbose request where is https://registry.npmjs.org/jasmine-reporters
25 info trying registry request attempt 1 at 09:15:07
26 http GET https://registry.npmjs.org/jasmine-reporters
27 info retry will retry, error on last attempt: Error: connect ETIMEDOUT
28 info trying registry request attempt 2 at 09:16:33
29 http GET https://registry.npmjs.org/jasmine-reporters
30 info retry will retry, error on last attempt: Error: connect ETIMEDOUT
31 info trying registry request attempt 3 at 09:18:49
32 http GET https://registry.npmjs.org/jasmine-reporters
33 silly lockFile f614a64d-jasmine-reporters jasmine-reporters@
34 silly lockFile f614a64d-jasmine-reporters jasmine-reporters@
35 error network connect ETIMEDOUT
35 error network This is most likely not a problem with npm itself
35 error network and is related to network connectivity.
35 error network In most cases you are behind a proxy or have bad network settings.
35 error network
35 error network If you are behind a proxy, please make sure that the
35 error network 'proxy' config is set properly.  See: 'npm help config'
36 error System Darwin 13.4.0
37 error command "node" "/usr/local/bin/npm" "install" "jasmine-reporters"
38 error cwd /Users/f558910/Documents/Projects/test-driven-test
39 error node -v v0.10.31
40 error npm -v 1.4.23
41 error syscall connect
42 error code ETIMEDOUT
43 error errno ETIMEDOUT
44 verbose exit [ 1, true ]
